


ARM Macro Assembler    Page 1 


    1 00000000                 AREA             RESET,DATA,READONLY
    2 00000000                 EXPORT           __Vectors
    3 00000000         __Vectors
    4 00000000 10001000        DCD              0x10001000
    5 00000004 00000000        DCD              Reset_Handler
    6 00000008                 ALIGN
    7 00000008                 AREA             mycode, CODE, READONLY
    8 00000000                 ENTRY
    9 00000000                 EXPORT           Reset_Handler
   10 00000000         Reset_Handler
   11 00000000 480F            LDR              R0, =SRC
   12 00000002 4910            LDR              R1, =DST
   13 00000004 F04F 030A       MOV              R3,#10
   14 00000008         UP
   15 00000008 F850 2B04       LDR              R2,[R0],#4
   16 0000000C F841 2B04       STR              R2,[R1],#4
   17 00000010 3B01            SUBS             R3,#1
   18 00000012 D1F9            BNE              UP
   19 00000014         STOP
   20 00000014 E7FE            B                STOP
   21 00000016 00 00 12345678 
              ABCDEF15 
              00000055 
              00001234 
              00002345 
              00003456 
              00004567 
              00005678 
              00006789 
              0000789A SRC     DCD              0x12345678,0xABCDEF15,0x55,0x12
34,0x2345,0x3456,0x4567,0x5678,0x6789,0x789A
   22 00000040 00000000 
              00000000         AREA             mydata,DATA,READWRITE
   23 00000000 00000000 
              00000000 
              00000000 
              00000000 
              00000000 
              00000000 
              00000000 
              00000000 
              00000000 
              00000000 DST     DCD              0,0,0,0,0,0,0,0,0,0
   24 00000028                 END
Command Line: --debug --xref --cpu=Cortex-M3 --apcs=interwork --depend=Q1.d -oQ
1.o -IC:\Keil\ARM\RV31\INC -IC:\Keil\ARM\CMSIS\Include -IC:\Keil\ARM\Inc\NXP\LP
C17xx --predefine="__EVAL SETA 1" --list=Q1.lst Q1.asm



ARM Macro Assembler    Page 1 Alphabetic symbol ordering
Relocatable symbols

RESET 00000000

Symbol: RESET
   Definitions
      At line 1 in file Q1.asm
   Uses
      None
Comment: RESET unused
__Vectors 00000000

Symbol: __Vectors
   Definitions
      At line 3 in file Q1.asm
   Uses
      At line 2 in file Q1.asm
Comment: __Vectors used once
2 symbols



ARM Macro Assembler    Page 1 Alphabetic symbol ordering
Relocatable symbols

Reset_Handler 00000000

Symbol: Reset_Handler
   Definitions
      At line 10 in file Q1.asm
   Uses
      At line 5 in file Q1.asm
      At line 9 in file Q1.asm

SRC 00000018

Symbol: SRC
   Definitions
      At line 21 in file Q1.asm
   Uses
      At line 11 in file Q1.asm
Comment: SRC used once
STOP 00000014

Symbol: STOP
   Definitions
      At line 19 in file Q1.asm
   Uses
      At line 20 in file Q1.asm
Comment: STOP used once
UP 00000008

Symbol: UP
   Definitions
      At line 14 in file Q1.asm
   Uses
      At line 18 in file Q1.asm
Comment: UP used once
mycode 00000000

Symbol: mycode
   Definitions
      At line 7 in file Q1.asm
   Uses
      None
Comment: mycode unused
5 symbols



ARM Macro Assembler    Page 1 Alphabetic symbol ordering
Relocatable symbols

DST 00000000

Symbol: DST
   Definitions
      At line 23 in file Q1.asm
   Uses
      At line 12 in file Q1.asm
Comment: DST used once
mydata 00000000

Symbol: mydata
   Definitions
      At line 22 in file Q1.asm
   Uses
      None
Comment: mydata unused
2 symbols
342 symbols in table
