


ARM Macro Assembler    Page 1 


    1 00000000                 AREA             RESET,DATA,READONLY
    2 00000000                 EXPORT           __Vectors
    3 00000000         __Vectors
    4 00000000 10001000        DCD              0x10001000
    5 00000004 00000000        DCD              Reset_Handler
    6 00000008                 ALIGN
    7 00000008                 AREA             mycode, CODE, READONLY
    8 00000000                 ENTRY
    9 00000000                 EXPORT           Reset_Handler
   10 00000000         Reset_Handler
   11 00000000 480E            LDR              R0, =SRC
   12 00000002 F04F 0304       MOV              R3,#4
   13 00000006         UP
   14 00000006 3004            ADDS             R0,#4
   15 00000008 3B01            SUBS             R3,#1
   16 0000000A D1FC            BNE              UP
   17 0000000C 490C            LDR              R1, =DST
   18 0000000E 6008            STR              R0, [R1]
   19 00000010         STOP
   20 00000010 E7FE            B                STOP
   21 00000012 00 00 12345678 
              ABCDEF15 
              00000055 
              00001234 
              00002345 
              00003456 
              00004567 
              00005678 
              00006789 
              0000789A SRC     DCD              0x12345678,0xABCDEF15,0x55,0x12
34,0x2345,0x3456,0x4567,0x5678,0x6789,0x789A
   22 0000003C 00000000 
              00000000         AREA             mydata, DATA,READWRITE
   23 00000000 00000000 
                       DST     DCD              0
   24 00000004                 END
Command Line: --debug --xref --cpu=Cortex-M3 --apcs=interwork --depend=Q2.d -oQ
2.o -IC:\Keil\ARM\RV31\INC -IC:\Keil\ARM\CMSIS\Include -IC:\Keil\ARM\Inc\NXP\LP
C17xx --predefine="__EVAL SETA 1" --list=Q2.lst Q2.asm



ARM Macro Assembler    Page 1 Alphabetic symbol ordering
Relocatable symbols

RESET 00000000

Symbol: RESET
   Definitions
      At line 1 in file Q2.asm
   Uses
      None
Comment: RESET unused
__Vectors 00000000

Symbol: __Vectors
   Definitions
      At line 3 in file Q2.asm
   Uses
      At line 2 in file Q2.asm
Comment: __Vectors used once
2 symbols



ARM Macro Assembler    Page 1 Alphabetic symbol ordering
Relocatable symbols

Reset_Handler 00000000

Symbol: Reset_Handler
   Definitions
      At line 10 in file Q2.asm
   Uses
      At line 5 in file Q2.asm
      At line 9 in file Q2.asm

SRC 00000014

Symbol: SRC
   Definitions
      At line 21 in file Q2.asm
   Uses
      At line 11 in file Q2.asm
Comment: SRC used once
STOP 00000010

Symbol: STOP
   Definitions
      At line 19 in file Q2.asm
   Uses
      At line 20 in file Q2.asm
Comment: STOP used once
UP 00000006

Symbol: UP
   Definitions
      At line 13 in file Q2.asm
   Uses
      At line 16 in file Q2.asm
Comment: UP used once
mycode 00000000

Symbol: mycode
   Definitions
      At line 7 in file Q2.asm
   Uses
      None
Comment: mycode unused
5 symbols



ARM Macro Assembler    Page 1 Alphabetic symbol ordering
Relocatable symbols

DST 00000000

Symbol: DST
   Definitions
      At line 23 in file Q2.asm
   Uses
      At line 17 in file Q2.asm
Comment: DST used once
mydata 00000000

Symbol: mydata
   Definitions
      At line 22 in file Q2.asm
   Uses
      None
Comment: mydata unused
2 symbols
342 symbols in table
