


ARM Macro Assembler    Page 1 


    1 00000000                 AREA             RESET,DATA,READONLY
    2 00000000                 EXPORT           __Vectors
    3 00000000         __Vectors
    4 00000000 10001000        DCD              0x10001000
    5 00000004 00000000        DCD              Reset_Handler
    6 00000008                 ALIGN
    7 00000008                 AREA             mycode,CODE,READONLY
    8 00000000                 ENTRY
    9 00000000                 EXPORT           Reset_Handler
   10 00000000         Reset_Handler
   11 00000000 4806            LDR              R0,= SRC
   12 00000002 F100 0124       ADD              R1,R0,#36
   13 00000006 F04F 0405       MOV              R4,#5
   14 0000000A         UP
   15 0000000A 6802            LDR              R2,[R0]
   16 0000000C 680B            LDR              R3,[R1]
   17 0000000E F840 3B04       STR              R3,[R0],#4
   18 00000012 F841 2904       STR              R2,[R1],#-4
   19 00000016 3C01            SUBS             R4,#1
   20 00000018 D1F7            BNE              UP
   21 0000001A         STOP
   22 0000001A E7FE            B                STOP
   23 0000001C 00000000        AREA             mydata,DATA,READWRITE
   24 00000000 12345678 
              23456789 
              11223344 
              1A2B3C4D 
              87654321 
              98765432 
              13572468 
              AABBCCDD 
              54321234 
              FFFFFFFF SRC     DCD              0x12345678, 0x23456789, 0x11223
344, 0x1A2B3C4D,0x87654321,0x98765432,0x13572468,0xAABBCCDD,0x54321234, 0xFFFFF
FFF
   25 00000028                 END
Command Line: --debug --xref --cpu=Cortex-M3 --apcs=interwork --depend=ReverseA
rray.d -oReverseArray.o -IC:\Keil\ARM\RV31\INC -IC:\Keil\ARM\CMSIS\Include -IC:
\Keil\ARM\Inc\NXP\LPC17xx --predefine="__EVAL SETA 1" --list=ReverseArray.lst R
everseArray.asm



ARM Macro Assembler    Page 1 Alphabetic symbol ordering
Relocatable symbols

RESET 00000000

Symbol: RESET
   Definitions
      At line 1 in file ReverseArray.asm
   Uses
      None
Comment: RESET unused
__Vectors 00000000

Symbol: __Vectors
   Definitions
      At line 3 in file ReverseArray.asm
   Uses
      At line 2 in file ReverseArray.asm
Comment: __Vectors used once
2 symbols



ARM Macro Assembler    Page 1 Alphabetic symbol ordering
Relocatable symbols

Reset_Handler 00000000

Symbol: Reset_Handler
   Definitions
      At line 10 in file ReverseArray.asm
   Uses
      At line 5 in file ReverseArray.asm
      At line 9 in file ReverseArray.asm

STOP 0000001A

Symbol: STOP
   Definitions
      At line 21 in file ReverseArray.asm
   Uses
      At line 22 in file ReverseArray.asm
Comment: STOP used once
UP 0000000A

Symbol: UP
   Definitions
      At line 14 in file ReverseArray.asm
   Uses
      At line 20 in file ReverseArray.asm
Comment: UP used once
mycode 00000000

Symbol: mycode
   Definitions
      At line 7 in file ReverseArray.asm
   Uses
      None
Comment: mycode unused
4 symbols



ARM Macro Assembler    Page 1 Alphabetic symbol ordering
Relocatable symbols

SRC 00000000

Symbol: SRC
   Definitions
      At line 24 in file ReverseArray.asm
   Uses
      At line 11 in file ReverseArray.asm
Comment: SRC used once
mydata 00000000

Symbol: mydata
   Definitions
      At line 23 in file ReverseArray.asm
   Uses
      None
Comment: mydata unused
2 symbols
341 symbols in table
