


ARM Macro Assembler    Page 1 


    1 00000000                 AREA             RESET,DATA,READONLY
    2 00000000                 EXPORT           __Vectors
    3 00000000         __Vectors
    4 00000000 10001000        DCD              0x10001000
    5 00000004 00000000        DCD              Reset_Handler
    6 00000008                 ALIGN
    7 00000008                 AREA             mycode,CODE,READONLY
    8 00000000                 ENTRY
    9 00000000                 EXPORT           Reset_Handler
   10 00000000         Reset_Handler
   11 00000000 4811            LDR              R0,= SRC
   12 00000002 F04F 030A       MOV              R3, #10
   13 00000006         UP
   14 00000006 F850 1B04       LDR              R1,[R0],#4
   15 0000000A 1852            ADDS             R2,R1
   16 0000000C F145 0500       ADC              R5,#0
   17 00000010 3B01            SUBS             R3,#1
   18 00000012 D1F8            BNE              UP
   19 00000014 4C0D            LDR              R4,= Result
   20 00000016 F844 2B04       STR              R2,[R4],#4
   21 0000001A 6025            STR              R5,[R4]
   22 0000001C         STOP
   23 0000001C E7FE            B                STOP
   24 0000001E 00 00 FFFFFFFF 
              FFFFFFFF 
              FFFFFFFF 
              FFFFFFFF 
              FFFFFFFF 
              FFFFFFFF 
              FFFFFFFF 
              FFFFFFFF 
              FFFFFFFF 
              FFFFFFFF SRC     DCD              0xFFFFFFFF, 0xFFFFFFFF, 0xFFFFF
FFF, 0xFFFFFFFF, 0xFFFFFFFF, 0xFFFFFFFF, 0xFFFFFFFF, 0xFFFFFFFF, 0xFFFFFFFF, 0x
FFFFFFFF
   25 00000048 00000000 
              00000000         AREA             mydata,DATA,READWRITE
   26 00000000 00000000 
                       Result  DCD              0
   27 00000004                 END
Command Line: --debug --xref --cpu=Cortex-M3 --apcs=interwork --depend=ClassQ1.
d -oClassQ1.o -IC:\Keil\ARM\RV31\INC -IC:\Keil\ARM\CMSIS\Include -IC:\Keil\ARM\
Inc\NXP\LPC17xx --predefine="__EVAL SETA 1" --list=ClassQ1.lst ClassQ1.asm



ARM Macro Assembler    Page 1 Alphabetic symbol ordering
Relocatable symbols

RESET 00000000

Symbol: RESET
   Definitions
      At line 1 in file ClassQ1.asm
   Uses
      None
Comment: RESET unused
__Vectors 00000000

Symbol: __Vectors
   Definitions
      At line 3 in file ClassQ1.asm
   Uses
      At line 2 in file ClassQ1.asm
Comment: __Vectors used once
2 symbols



ARM Macro Assembler    Page 1 Alphabetic symbol ordering
Relocatable symbols

Reset_Handler 00000000

Symbol: Reset_Handler
   Definitions
      At line 10 in file ClassQ1.asm
   Uses
      At line 5 in file ClassQ1.asm
      At line 9 in file ClassQ1.asm

SRC 00000020

Symbol: SRC
   Definitions
      At line 24 in file ClassQ1.asm
   Uses
      At line 11 in file ClassQ1.asm
Comment: SRC used once
STOP 0000001C

Symbol: STOP
   Definitions
      At line 22 in file ClassQ1.asm
   Uses
      At line 23 in file ClassQ1.asm
Comment: STOP used once
UP 00000006

Symbol: UP
   Definitions
      At line 13 in file ClassQ1.asm
   Uses
      At line 18 in file ClassQ1.asm
Comment: UP used once
mycode 00000000

Symbol: mycode
   Definitions
      At line 7 in file ClassQ1.asm
   Uses
      None
Comment: mycode unused
5 symbols



ARM Macro Assembler    Page 1 Alphabetic symbol ordering
Relocatable symbols

Result 00000000

Symbol: Result
   Definitions
      At line 26 in file ClassQ1.asm
   Uses
      At line 19 in file ClassQ1.asm
Comment: Result used once
mydata 00000000

Symbol: mydata
   Definitions
      At line 25 in file ClassQ1.asm
   Uses
      None
Comment: mydata unused
2 symbols
342 symbols in table
