


ARM Macro Assembler    Page 1 


    1 00000000                 AREA             RESET,DATA,READONLY
    2 00000000                 EXPORT           __Vectors
    3 00000000         __Vectors
    4 00000000 10001000        DCD              0x10001000
    5 00000004 00000000        DCD              Reset_Handler
    6 00000008                 ALIGN
    7 00000008                 AREA             mycode,CODE,READONLY
    8 00000000                 ENTRY
    9 00000000                 EXPORT           Reset_Handler
   10 00000000         Reset_Handler
   11 00000000 4813            LDR              R0,= N1
   12 00000002 4914            LDR              R1,= N2
   13 00000004 F04F 0204       MOV              R2, #4
   14 00000008 4E13            LDR              R6,= Result
   15 0000000A F04F 5700       LDR              R7,= 0x20000000
   16 0000000E F387 8803       MSR              xPSR,R7
   17 00000012         UP
   18 00000012 F850 3B04       LDR              R3,[R0],#4
   19 00000016 F851 4B04       LDR              R4,[R1],#4
   20 0000001A EB73 0504       SBCS             R5,R3,R4
   21 0000001E F846 5B04       STR              R5,[R6],#4
   22 00000022 F1A2 0201       SUB              R2,#1
   23 00000026 F092 0F00       TEQ              R2,#0
   24 0000002A D1F2            BNE              UP
   25 0000002C         STOP
   26 0000002C E7FE            B                STOP
   27 0000002E 00 00 11111111 
              12345678 
              AABBCCDD 
              EEFFFFFF N1      DCD              0x11111111, 0x12345678, 0xAABBC
CDD, 0xEEFFFFFF
   28 00000040 55555555 
              98765432 
              DDCCBBAA 
              FFFFFFFF N2      DCD              0x55555555, 0x98765432, 0xDDCCB
BAA, 0xFFFFFFFF
   29 00000050 00000000 
              00000000 
              00000000         AREA             mydata,DATA,READWRITE
   30 00000000 00000000 
                       Result  DCD              0
   31 00000004                 END
Command Line: --debug --xref --cpu=Cortex-M3 --apcs=interwork --depend=Q3.d -oQ
3.o -IC:\Keil\ARM\RV31\INC -IC:\Keil\ARM\CMSIS\Include -IC:\Keil\ARM\Inc\NXP\LP
C17xx --predefine="__EVAL SETA 1" --list=Q3.lst Q3.asm



ARM Macro Assembler    Page 1 Alphabetic symbol ordering
Relocatable symbols

RESET 00000000

Symbol: RESET
   Definitions
      At line 1 in file Q3.asm
   Uses
      None
Comment: RESET unused
__Vectors 00000000

Symbol: __Vectors
   Definitions
      At line 3 in file Q3.asm
   Uses
      At line 2 in file Q3.asm
Comment: __Vectors used once
2 symbols



ARM Macro Assembler    Page 1 Alphabetic symbol ordering
Relocatable symbols

N1 00000030

Symbol: N1
   Definitions
      At line 27 in file Q3.asm
   Uses
      At line 11 in file Q3.asm
Comment: N1 used once
N2 00000040

Symbol: N2
   Definitions
      At line 28 in file Q3.asm
   Uses
      At line 12 in file Q3.asm
Comment: N2 used once
Reset_Handler 00000000

Symbol: Reset_Handler
   Definitions
      At line 10 in file Q3.asm
   Uses
      At line 5 in file Q3.asm
      At line 9 in file Q3.asm

STOP 0000002C

Symbol: STOP
   Definitions
      At line 25 in file Q3.asm
   Uses
      At line 26 in file Q3.asm
Comment: STOP used once
UP 00000012

Symbol: UP
   Definitions
      At line 17 in file Q3.asm
   Uses
      At line 24 in file Q3.asm
Comment: UP used once
mycode 00000000

Symbol: mycode
   Definitions
      At line 7 in file Q3.asm
   Uses
      None
Comment: mycode unused
6 symbols



ARM Macro Assembler    Page 1 Alphabetic symbol ordering
Relocatable symbols

Result 00000000

Symbol: Result
   Definitions
      At line 30 in file Q3.asm
   Uses
      At line 14 in file Q3.asm
Comment: Result used once
mydata 00000000

Symbol: mydata
   Definitions
      At line 29 in file Q3.asm
   Uses
      None
Comment: mydata unused
2 symbols
343 symbols in table
