


ARM Macro Assembler    Page 1 


    1 00000000                 AREA             RESET,DATA,READONLY
    2 00000000                 EXPORT           __Vectors
    3 00000000         __Vectors
    4 00000000 10001000        DCD              0x10001000
    5 00000004 00000000        DCD              Reset_Handler
    6 00000008                 ALIGN
    7 00000008                 AREA             mycode,CODE,READONLY
    8 00000000                 ENTRY
    9 00000000                 EXPORT           Reset_Handler
   10 00000000         Reset_Handler
   11 00000000 F04F 0A01       MOV              R10,#1
   12 00000004 F04F 0015       MOV              R0, #21
   13 00000008 F04F 0105       MOV              R1, #5
   14 0000000C 4D06            LDR              R5, = DST
   15 0000000E         UP
   16 0000000E FB0A F200       MUL              R2,R10,R0
   17 00000012 FBB2 F3F1       UDIV             R3, R2, R1
   18 00000016 FB01 2413       MLS              R4, R1, R3, R2
   19 0000001A 602A            STR              R2, [R5]
   20 0000001C 2C00            CMP              R4, #0
   21 0000001E         
   22 0000001E D002            BEQ              STOP
   23 00000020 F10A 0A01       ADD              R10, #1
   24 00000024 E7F3            B                UP
   25 00000026         STOP
   26 00000026 E7FE            B                STOP
   27 00000028 00000000        AREA             mydata,DATA,READWRITE
   28 00000000 00000000 
                       DST     DCD              0
   29 00000004                 END
Command Line: --debug --xref --cpu=Cortex-M3 --apcs=interwork --depend=Q4.d -oQ
4.o -IC:\Keil\ARM\RV31\INC -IC:\Keil\ARM\CMSIS\Include -IC:\Keil\ARM\Inc\NXP\LP
C17xx --predefine="__EVAL SETA 1" --list=Q4.lst Q4.asm



ARM Macro Assembler    Page 1 Alphabetic symbol ordering
Relocatable symbols

RESET 00000000

Symbol: RESET
   Definitions
      At line 1 in file Q4.asm
   Uses
      None
Comment: RESET unused
__Vectors 00000000

Symbol: __Vectors
   Definitions
      At line 3 in file Q4.asm
   Uses
      At line 2 in file Q4.asm
Comment: __Vectors used once
2 symbols



ARM Macro Assembler    Page 1 Alphabetic symbol ordering
Relocatable symbols

Reset_Handler 00000000

Symbol: Reset_Handler
   Definitions
      At line 10 in file Q4.asm
   Uses
      At line 5 in file Q4.asm
      At line 9 in file Q4.asm

STOP 00000026

Symbol: STOP
   Definitions
      At line 25 in file Q4.asm
   Uses
      At line 22 in file Q4.asm
      At line 26 in file Q4.asm

UP 0000000E

Symbol: UP
   Definitions
      At line 15 in file Q4.asm
   Uses
      At line 24 in file Q4.asm
Comment: UP used once
mycode 00000000

Symbol: mycode
   Definitions
      At line 7 in file Q4.asm
   Uses
      None
Comment: mycode unused
4 symbols



ARM Macro Assembler    Page 1 Alphabetic symbol ordering
Relocatable symbols

DST 00000000

Symbol: DST
   Definitions
      At line 28 in file Q4.asm
   Uses
      At line 14 in file Q4.asm
Comment: DST used once
mydata 00000000

Symbol: mydata
   Definitions
      At line 27 in file Q4.asm
   Uses
      None
Comment: mydata unused
2 symbols
341 symbols in table
